c:\users\gustavo\documents\pds\tp_consultorio\tppds\x64\debug\vc142.pdb
c:\users\gustavo\documents\pds\tp_consultorio\tppds\x64\debug\vc142.idb
c:\users\gustavo\documents\pds\tp_consultorio\tppds\x64\debug\arquivopaciente.obj
c:\users\gustavo\documents\pds\tp_consultorio\tppds\x64\debug\arquivo.obj
c:\users\gustavo\documents\pds\tp_consultorio\tppds\x64\debug\main.obj
c:\users\gustavo\documents\pds\tp_consultorio\tppds\x64\debug\execoes.obj
c:\users\gustavo\documents\pds\tp_consultorio\tppds\x64\debug\arquivoconsulta.obj
c:\users\gustavo\documents\pds\tp_consultorio\tppds\x64\debug\arquivoexame.obj
c:\users\gustavo\documents\pds\tp_consultorio\tppds\x64\debug\exames.obj
c:\users\gustavo\documents\pds\tp_consultorio\tppds\x64\debug\pacientes.obj
c:\users\gustavo\documents\pds\tp_consultorio\tppds\x64\debug\consultas.obj
c:\users\gustavo\documents\pds\tp_consultorio\x64\debug\tppds.exe
c:\users\gustavo\documents\pds\tp_consultorio\x64\debug\tppds.ilk
c:\users\gustavo\documents\pds\tp_consultorio\x64\debug\tppds.pdb
c:\users\gustavo\documents\pds\tp_consultorio\tppds\x64\debug\examecolesterol.obj
c:\users\gustavo\documents\pds\tp_consultorio\tppds\x64\debug\arquivopaciente.new.obj.enc
c:\users\gustavo\documents\pds\tp_consultorio\tppds\x64\debug\main.new.obj.enc
c:\users\gustavo\documents\pds\tp_consultorio\tppds\x64\debug\tppds.tlog\cl.command.1.tlog
c:\users\gustavo\documents\pds\tp_consultorio\tppds\x64\debug\tppds.tlog\cl.read.1.tlog
c:\users\gustavo\documents\pds\tp_consultorio\tppds\x64\debug\tppds.tlog\cl.write.1.tlog
c:\users\gustavo\documents\pds\tp_consultorio\tppds\x64\debug\tppds.tlog\link.17044-cvtres.read.1.tlog
c:\users\gustavo\documents\pds\tp_consultorio\tppds\x64\debug\tppds.tlog\link.17044-cvtres.write.1.tlog
c:\users\gustavo\documents\pds\tp_consultorio\tppds\x64\debug\tppds.tlog\link.17044-rc.read.1.tlog
c:\users\gustavo\documents\pds\tp_consultorio\tppds\x64\debug\tppds.tlog\link.17044-rc.write.1.tlog
c:\users\gustavo\documents\pds\tp_consultorio\tppds\x64\debug\tppds.tlog\link.17044.read.1.tlog
c:\users\gustavo\documents\pds\tp_consultorio\tppds\x64\debug\tppds.tlog\link.17044.write.1.tlog
c:\users\gustavo\documents\pds\tp_consultorio\tppds\x64\debug\tppds.tlog\link.command.1.tlog
c:\users\gustavo\documents\pds\tp_consultorio\tppds\x64\debug\tppds.tlog\link.read.1.tlog
c:\users\gustavo\documents\pds\tp_consultorio\tppds\x64\debug\tppds.tlog\link.write.1.tlog
